<?xml version="1.0" encoding="UTF-8"?>
<testng-results skipped="0" failed="0" ignored="0" total="1" passed="1">
  <reporter-output>
  </reporter-output>
  <suite name="Default suite" duration-ms="2842" started-at="2018-03-11T02:31:30Z" finished-at="2018-03-11T02:31:33Z">
    <groups>
      <group name="cucumber">
        <method signature="AbstractTestNGCucumberTests.feature(cucumber.api.testng.CucumberFeatureWrapper)[pri:0, instance:com.mobile.appium.StepDefinitions.TestRunner@1794d431]" name="feature" class="cucumber.api.testng.AbstractTestNGCucumberTests"/>
      </group> <!-- cucumber -->
    </groups>
    <test name="Default test" duration-ms="2842" started-at="2018-03-11T02:31:30Z" finished-at="2018-03-11T02:31:33Z">
      <class name="com.mobile.appium.StepDefinitions.TestRunner">
        <test-method status="PASS" signature="setUpClass()[pri:0, instance:com.mobile.appium.StepDefinitions.TestRunner@1794d431]" name="setUpClass" is-config="true" duration-ms="435" started-at="2018-03-11T02:31:30Z" finished-at="2018-03-11T02:31:30Z">
          <reporter-output>
          </reporter-output>
        </test-method> <!-- setUpClass -->
        <test-method status="PASS" signature="feature(cucumber.api.testng.CucumberFeatureWrapper)[pri:0, instance:com.mobile.appium.StepDefinitions.TestRunner@1794d431]" name="feature" duration-ms="1458" started-at="2018-03-11T02:31:30Z" description="Runs Cucumber Feature" data-provider="features" finished-at="2018-03-11T02:31:32Z">
          <params>
            <param index="0">
              <value>
                <![CDATA[Login]]>
              </value>
            </param>
          </params>
          <reporter-output>
          </reporter-output>
        </test-method> <!-- feature -->
        <test-method status="PASS" signature="tearDownClass()[pri:0, instance:com.mobile.appium.StepDefinitions.TestRunner@1794d431]" name="tearDownClass" is-config="true" duration-ms="810" started-at="2018-03-11T02:31:32Z" finished-at="2018-03-11T02:31:33Z">
          <reporter-output>
          </reporter-output>
        </test-method> <!-- tearDownClass -->
      </class> <!-- com.mobile.appium.StepDefinitions.TestRunner -->
    </test> <!-- Default test -->
  </suite> <!-- Default suite -->
</testng-results>
