<?xml version="1.0" encoding="UTF-8"?>
<testng-results skipped="0" failed="0" ignored="0" total="0" passed="0">
  <reporter-output>
  </reporter-output>
  <suite name="com.api.StepDefinitions.TestRunner" duration-ms="8896" started-at="2019-08-03T12:31:37Z" finished-at="2019-08-03T12:31:46Z">
    <groups>
    </groups>
    <test name="Command line test d91a1280-e480-40a1-a9d9-89c383572c80" duration-ms="8896" started-at="2019-08-03T12:31:37Z" finished-at="2019-08-03T12:31:46Z">
    </test> <!-- Command line test d91a1280-e480-40a1-a9d9-89c383572c80 -->
  </suite> <!-- com.api.StepDefinitions.TestRunner -->
</testng-results>
